2023-03-26 13:31:42,550 INFO notifyConnectTimeout:200

2023-03-26 13:31:42,551 INFO notifySocketTimeout:8000

2023-03-26 13:31:42,551 INFO isHealthCheck:true

2023-03-26 13:31:42,551 INFO maxHealthCheckFailCount:12

2023-03-26 13:31:42,551 INFO maxContent:10485760

2023-03-26 13:31:43,110 INFO Schema 'NACOS' already exists.

2023-03-26 13:31:43,159 INFO Table/View 'CONFIG_INFO' already exists in Schema 'NACOS'.

2023-03-26 13:31:43,204 INFO Table/View 'HIS_CONFIG_INFO' already exists in Schema 'NACOS'.

2023-03-26 13:31:43,224 INFO Table/View 'CONFIG_INFO_BETA' already exists in Schema 'NACOS'.

2023-03-26 13:31:43,232 INFO Table/View 'CONFIG_INFO_TAG' already exists in Schema 'NACOS'.

2023-03-26 13:31:43,240 INFO Table/View 'CONFIG_INFO_AGGR' already exists in Schema 'NACOS'.

2023-03-26 13:31:43,251 INFO Table/View 'APP_LIST' already exists in Schema 'NACOS'.

2023-03-26 13:31:43,257 INFO Table/View 'APP_CONFIGDATA_RELATION_SUBS' already exists in Schema 'NACOS'.

2023-03-26 13:31:43,265 INFO Table/View 'APP_CONFIGDATA_RELATION_PUBS' already exists in Schema 'NACOS'.

2023-03-26 13:31:43,272 INFO Table/View 'CONFIG_TAGS_RELATION' already exists in Schema 'NACOS'.

2023-03-26 13:31:43,287 INFO Table/View 'GROUP_CAPACITY' already exists in Schema 'NACOS'.

2023-03-26 13:31:43,296 INFO Table/View 'TENANT_CAPACITY' already exists in Schema 'NACOS'.

2023-03-26 13:31:43,302 INFO Table/View 'TENANT_INFO' already exists in Schema 'NACOS'.

2023-03-26 13:31:43,311 INFO Table/View 'USERS' already exists in Schema 'NACOS'.

2023-03-26 13:31:43,319 INFO Table/View 'ROLES' already exists in Schema 'NACOS'.

2023-03-26 13:31:43,442 INFO The statement was aborted because it would have caused a duplicate key value in a unique or primary key constraint or unique index identified by 'SQL230214144607210' defined on 'USERS'.

2023-03-26 13:31:44,041 INFO ServerListService address-server port:8848

2023-03-26 13:31:44,041 INFO ADDRESS_SERVER_URL:http://jmenv.tbsite.net:8080/nacos/serverlist

2023-03-26 13:31:44,042 WARN [serverlist] updated to [192.168.179.1]

2023-03-26 13:31:44,126 WARN DumpService start

2023-03-26 13:31:44,129 INFO start clear all config-info.

2023-03-26 13:31:44,136 WARN clear all config-info failed.

2023-03-26 13:31:44,136 WARN clear all config-info-tenant failed.

2023-03-26 13:31:44,208 INFO start clear all config-info-beta.

2023-03-26 13:31:44,208 WARN clear all config-info-beta failed.

2023-03-26 13:31:44,208 WARN clear all config-info-beta-tenant failed.

2023-03-26 13:31:44,224 INFO start clear all config-info-tag.

2023-03-26 13:31:44,224 WARN clear all config-info-tag failed.

2023-03-26 13:31:44,224 WARN clear all config-info-tag-tenant failed.

